# JRE version: OpenJDK Runtime Environment (21.0.8) (build 21.0.8+-14196175-b1038.72)
# Java VM: OpenJDK 64-Bit Server VM (21.0.8+-14196175-b1038.72, mixed mode, tiered, compressed oops, compressed class ptrs, g1 gc, linux-amd64)
GC Precious Log:
 CardTable entry size: 512
 Card Set container configuration: InlinePtr #cards 4 size 8 Array Of Cards #cards 16 size 48 Howl #buckets 8 coarsen threshold 3686 Howl Bitmap #cards 512 size 80 coarsen threshold 460 Card regions per heap region 1 cards per card region 4096
 CPUs: 8 total, 8 available
 Memory: 15684M
 Large Page Support: Disabled
 NUMA Support: Disabled
 Compressed Oops: Enabled (Zero based)
 Heap Region Size: 2M
 Heap Min Capacity: 8M
 Heap Initial Capacity: 246M
 Heap Max Capacity: 4G
 Pre-touch: Disabled
 Parallel Workers: 8
 Concurrent Workers: 2
 Concurrent Refinement Workers: 8
 Periodic GC: Disabled
Heap:
 garbage-first heap   total 501760K, used 346149K [0x0000000700000000, 0x0000000800000000)
  region size 2048K, 56 young (114688K), 7 survivors (14336K)
 Metaspace       used 213178K, committed 214848K, reserved 1048576K
  class space    used 28064K, committed 28864K, reserved 851968K
GC Heap History (20 events):
Event: 100,651 GC heap before
{Heap before GC invocations=48 (full 0):
 garbage-first heap   total 501760K, used 428282K [0x0000000700000000, 0x0000000800000000)
  region size 2048K, 123 young (251904K), 10 survivors (20480K)
 Metaspace       used 103331K, committed 105280K, reserved 983040K
  class space    used 14186K, committed 15168K, reserved 851968K
}
Event: 100,715 GC heap after
{Heap after GC invocations=49 (full 0):
 garbage-first heap   total 501760K, used 221140K [0x0000000700000000, 0x0000000800000000)
  region size 2048K, 16 young (32768K), 16 survivors (32768K)
 Metaspace       used 103331K, committed 105280K, reserved 983040K
  class space    used 14186K, committed 15168K, reserved 851968K
}
Event: 103,546 GC heap before
{Heap before GC invocations=49 (full 0):
 garbage-first heap   total 501760K, used 325588K [0x0000000700000000, 0x0000000800000000)
  region size 2048K, 67 young (137216K), 16 survivors (32768K)
 Metaspace       used 109036K, committed 111104K, reserved 983040K
  class space    used 14981K, committed 16064K, reserved 851968K
}
Event: 103,592 GC heap after
{Heap after GC invocations=50 (full 0):
 garbage-first heap   total 501760K, used 223921K [0x0000000700000000, 0x0000000800000000)
  region size 2048K, 4 young (8192K), 4 survivors (8192K)
 Metaspace       used 109036K, committed 111104K, reserved 983040K
  class space    used 14981K, committed 16064K, reserved 851968K
}
Event: 110,566 GC heap before
{Heap before GC invocations=50 (full 0):
 garbage-first heap   total 501760K, used 441009K [0x0000000700000000, 0x0000000800000000)
  region size 2048K, 110 young (225280K), 4 survivors (8192K)
 Metaspace       used 127111K, committed 129408K, reserved 983040K
  class space    used 17548K, committed 18688K, reserved 851968K
}
Event: 110,643 GC heap after
{Heap after GC invocations=51 (full 0):
 garbage-first heap   total 501760K, used 235185K [0x0000000700000000, 0x0000000800000000)
  region size 2048K, 9 young (18432K), 9 survivors (18432K)
 Metaspace       used 127111K, committed 129408K, reserved 983040K
  class space    used 17548K, committed 18688K, reserved 851968K
}
Event: 113,931 GC heap before
{Heap before GC invocations=51 (full 0):
 garbage-first heap   total 501760K, used 450225K [0x0000000700000000, 0x0000000800000000)
  region size 2048K, 114 young (233472K), 9 survivors (18432K)
 Metaspace       used 127111K, committed 129408K, reserved 983040K
  class space    used 17548K, committed 18688K, reserved 851968K
}
Event: 113,977 GC heap after
{Heap after GC invocations=52 (full 0):
 garbage-first heap   total 501760K, used 242036K [0x0000000700000000, 0x0000000800000000)
  region size 2048K, 10 young (20480K), 10 survivors (20480K)
 Metaspace       used 127111K, committed 129408K, reserved 983040K
  class space    used 17548K, committed 18688K, reserved 851968K
}
Event: 121,888 GC heap before
{Heap before GC invocations=53 (full 0):
 garbage-first heap   total 501760K, used 450932K [0x0000000700000000, 0x0000000800000000)
  region size 2048K, 113 young (231424K), 10 survivors (20480K)
 Metaspace       used 141515K, committed 143808K, reserved 983040K
  class space    used 19425K, committed 20544K, reserved 851968K
}
Event: 121,996 GC heap after
{Heap after GC invocations=54 (full 0):
 garbage-first heap   total 501760K, used 255859K [0x0000000700000000, 0x0000000800000000)
  region size 2048K, 12 young (24576K), 12 survivors (24576K)
 Metaspace       used 141515K, committed 143808K, reserved 983040K
  class space    used 19425K, committed 20544K, reserved 851968K
}
Event: 139,589 GC heap before
{Heap before GC invocations=54 (full 0):
 garbage-first heap   total 501760K, used 448371K [0x0000000700000000, 0x0000000800000000)
  region size 2048K, 106 young (217088K), 12 survivors (24576K)
 Metaspace       used 153791K, committed 156160K, reserved 1048576K
  class space    used 20934K, committed 22080K, reserved 851968K
}
Event: 139,742 GC heap after
{Heap after GC invocations=55 (full 0):
 garbage-first heap   total 501760K, used 269065K [0x0000000700000000, 0x0000000800000000)
  region size 2048K, 9 young (18432K), 9 survivors (18432K)
 Metaspace       used 153791K, committed 156160K, reserved 1048576K
  class space    used 20934K, committed 22080K, reserved 851968K
}
Event: 5075,909 GC heap before
{Heap before GC invocations=55 (full 0):
 garbage-first heap   total 501760K, used 453385K [0x0000000700000000, 0x0000000800000000)
  region size 2048K, 100 young (204800K), 9 survivors (18432K)
 Metaspace       used 160317K, committed 162816K, reserved 1048576K
  class space    used 21514K, committed 22784K, reserved 851968K
}
Event: 5075,957 GC heap after
{Heap after GC invocations=56 (full 0):
 garbage-first heap   total 501760K, used 269202K [0x0000000700000000, 0x0000000800000000)
  region size 2048K, 2 young (4096K), 2 survivors (4096K)
 Metaspace       used 160317K, committed 162816K, reserved 1048576K
  class space    used 21514K, committed 22784K, reserved 851968K
}
Event: 10862,294 GC heap before
{Heap before GC invocations=56 (full 0):
 garbage-first heap   total 501760K, used 461714K [0x0000000700000000, 0x0000000800000000)
  region size 2048K, 97 young (198656K), 2 survivors (4096K)
 Metaspace       used 167628K, committed 170112K, reserved 1048576K
  class space    used 22451K, committed 23680K, reserved 851968K
}
Event: 10862,367 GC heap after
{Heap after GC invocations=57 (full 0):
 garbage-first heap   total 501760K, used 274072K [0x0000000700000000, 0x0000000800000000)
  region size 2048K, 4 young (8192K), 4 survivors (8192K)
 Metaspace       used 167628K, committed 170112K, reserved 1048576K
  class space    used 22451K, committed 23680K, reserved 851968K
}
Event: 10873,966 GC heap before
{Heap before GC invocations=58 (full 0):
 garbage-first heap   total 501760K, used 458392K [0x0000000700000000, 0x0000000800000000)
  region size 2048K, 98 young (200704K), 4 survivors (8192K)
 Metaspace       used 185135K, committed 186368K, reserved 1048576K
  class space    used 24770K, committed 25344K, reserved 851968K
}
Event: 10874,064 GC heap after
{Heap after GC invocations=59 (full 0):
 garbage-first heap   total 501760K, used 274986K [0x0000000700000000, 0x0000000800000000)
  region size 2048K, 11 young (22528K), 11 survivors (22528K)
 Metaspace       used 185135K, committed 186368K, reserved 1048576K
  class space    used 24770K, committed 25344K, reserved 851968K
}
Event: 10880,298 GC heap before
{Heap before GC invocations=59 (full 0):
 garbage-first heap   total 501760K, used 457258K [0x0000000700000000, 0x0000000800000000)
  region size 2048K, 97 young (198656K), 11 survivors (22528K)
 Metaspace       used 206143K, committed 207744K, reserved 1048576K
  class space    used 27291K, committed 28032K, reserved 851968K
}
Event: 10880,380 GC heap after
{Heap after GC invocations=60 (full 0):
 garbage-first heap   total 501760K, used 247845K [0x0000000700000000, 0x0000000800000000)
  region size 2048K, 7 young (14336K), 7 survivors (14336K)
 Metaspace       used 206143K, committed 207744K, reserved 1048576K
  class space    used 27291K, committed 28032K, reserved 851968K
}

